8/31/2014 2:16:13 PM	This log contains information about the import schema operation into project 'erp' on computer 'ERP-DEV-2008' by user 'alex'.
8/31/2014 2:16:13 PM	Import of database schema has started.
8/31/2014 2:16:20 PM	Gathering database options
8/31/2014 2:16:20 PM	Gathering users
8/31/2014 2:16:20 PM	Gathering roles
8/31/2014 2:16:20 PM	Gathering application roles
8/31/2014 2:16:20 PM	Gathering role memberships
8/31/2014 2:16:20 PM	Gathering filegroups
8/31/2014 2:16:20 PM	Gathering files
8/31/2014 2:16:20 PM	Gathering full-text catalogs
8/31/2014 2:16:20 PM	Gathering assemblies
8/31/2014 2:16:20 PM	Gathering certificates
8/31/2014 2:16:20 PM	Gathering asymmetric keys
8/31/2014 2:16:20 PM	Gathering symmetric keys
8/31/2014 2:16:20 PM	Gathering encrypted symmetric keys
8/31/2014 2:16:20 PM	Gathering database encryption keys
8/31/2014 2:16:20 PM	Gathering schemas
8/31/2014 2:16:20 PM	Gathering XML schema collections
8/31/2014 2:16:20 PM	Gathering user-defined data types
8/31/2014 2:16:20 PM	Gathering user-defined types
8/31/2014 2:16:20 PM	Gathering table types
8/31/2014 2:16:20 PM	Gathering unique keys for table types
8/31/2014 2:16:20 PM	Gathering primary keys for table types
8/31/2014 2:16:20 PM	Gathering check constraints for table types
8/31/2014 2:16:20 PM	Gathering default constraints for table types
8/31/2014 2:16:20 PM	Gathering partition functions
8/31/2014 2:16:20 PM	Gathering partition schemes
8/31/2014 2:16:20 PM	Gathering functions
8/31/2014 2:16:23 PM	Gathering encrypted functions
8/31/2014 2:16:23 PM	Gathering aggregates
8/31/2014 2:16:23 PM	Gathering procedures
8/31/2014 2:16:26 PM	Gathering encrypted procedures
8/31/2014 2:16:26 PM	Gathering tables
8/31/2014 2:16:27 PM	Gathering primary keys
8/31/2014 2:16:27 PM	Gathering unique constraints
8/31/2014 2:16:27 PM	Gathering foreign keys
8/31/2014 2:16:27 PM	Gathering default constraints
8/31/2014 2:16:27 PM	Gathering check constraints
8/31/2014 2:16:27 PM	Gathering views
8/31/2014 2:16:27 PM	Gathering encrypted views
8/31/2014 2:16:27 PM	Gathering indexes
8/31/2014 2:16:27 PM	Gathering statistics
8/31/2014 2:16:27 PM	Gathering full-text index stoplists
8/31/2014 2:16:27 PM	Gathering full-text indexes
8/31/2014 2:16:27 PM	Gathering spatial indexes
8/31/2014 2:16:27 PM	Gathering XML indexes
8/31/2014 2:16:27 PM	Gathering encrypted triggers
8/31/2014 2:16:27 PM	Gathering triggers
8/31/2014 2:16:27 PM	Gathering encrypted and clr ddl triggers
8/31/2014 2:16:27 PM	Gathering ddl triggers
8/31/2014 2:16:27 PM	Gathering synonyms
8/31/2014 2:16:27 PM	Gathering defaults
8/31/2014 2:16:27 PM	Gathering data constraint uddt bindings
8/31/2014 2:16:27 PM	Gathering rules
8/31/2014 2:16:27 PM	Gathering data constraint uddt bindings
8/31/2014 2:16:27 PM	Gathering message types
8/31/2014 2:16:27 PM	Gathering queues
8/31/2014 2:16:27 PM	Gathering contracts
8/31/2014 2:16:27 PM	Gathering services
8/31/2014 2:16:27 PM	Gathering routes
8/31/2014 2:16:27 PM	Gathering event notifications
8/31/2014 2:16:27 PM	Gathering remote service bindings
8/31/2014 2:16:27 PM	Gathering broker priorities
8/31/2014 2:16:27 PM	Gathering database audit specifications
8/31/2014 2:16:27 PM	Gathering signatures
8/31/2014 2:16:27 PM	Gathering data compression options
8/31/2014 2:16:27 PM	Gathering database permissions
8/31/2014 2:16:27 PM	Gathering extended properties
8/31/2014 2:16:28 PM	Scanning project for duplicate elements
8/31/2014 2:16:29 PM	Finished duplicate element processing
8/31/2014 2:16:37 PM	Finished importing database.
8/31/2014 2:16:37 PM	A summary of the import was saved to the following location: D:\PROJECTS\PROJECTS_2014\Alex\Repos_DBProj\DB_RPOWine\erp\Import Schema Logs\erp_20140831061613.log
8/31/2014 2:16:37 PM	Click Finish to continue...
