4/14/2014 12:09:45 AM	This log contains information about the import schema operation into project 'DB_RPOSearch' on computer 'ERP-DEV-2008' by user 'alex'.
4/14/2014 12:09:45 AM	Import of database schema has started.
4/14/2014 12:09:53 AM	Gathering database options
4/14/2014 12:09:53 AM	Gathering users
4/14/2014 12:09:53 AM	Gathering roles
4/14/2014 12:09:53 AM	Gathering application roles
4/14/2014 12:09:53 AM	Gathering role memberships
4/14/2014 12:09:53 AM	Gathering filegroups
4/14/2014 12:09:53 AM	Gathering full-text catalogs
4/14/2014 12:09:53 AM	Gathering assemblies
4/14/2014 12:09:53 AM	Gathering certificates
4/14/2014 12:09:53 AM	Gathering asymmetric keys
4/14/2014 12:09:53 AM	Gathering symmetric keys
4/14/2014 12:09:53 AM	Gathering encrypted symmetric keys
4/14/2014 12:09:53 AM	Gathering schemas
4/14/2014 12:09:53 AM	Gathering XML schema collections
4/14/2014 12:09:53 AM	Gathering user-defined data types
4/14/2014 12:09:53 AM	Gathering user-defined types
4/14/2014 12:09:53 AM	Gathering table types
4/14/2014 12:09:53 AM	Gathering unique keys for table types
4/14/2014 12:09:53 AM	Gathering primary keys for table types
4/14/2014 12:09:53 AM	Gathering check constraints for table types
4/14/2014 12:09:53 AM	Gathering default constraints for table types
4/14/2014 12:09:53 AM	Gathering partition functions
4/14/2014 12:09:53 AM	Gathering partition schemes
4/14/2014 12:09:53 AM	Gathering functions
4/14/2014 12:09:53 AM	Gathering encrypted functions
4/14/2014 12:09:53 AM	Gathering aggregates
4/14/2014 12:09:53 AM	Gathering procedures
4/14/2014 12:09:53 AM	Gathering encrypted procedures
4/14/2014 12:09:53 AM	Gathering tables
4/14/2014 12:09:53 AM	Gathering primary keys
4/14/2014 12:09:53 AM	Gathering unique constraints
4/14/2014 12:09:53 AM	Gathering foreign keys
4/14/2014 12:09:53 AM	Gathering default constraints
4/14/2014 12:09:53 AM	Gathering check constraints
4/14/2014 12:09:53 AM	Gathering views
4/14/2014 12:09:53 AM	Gathering encrypted views
4/14/2014 12:09:53 AM	Gathering indexes
4/14/2014 12:09:53 AM	Gathering statistics
4/14/2014 12:09:53 AM	Gathering full-text index stoplists
4/14/2014 12:09:53 AM	Gathering full-text indexes
4/14/2014 12:09:53 AM	Gathering spatial indexes
4/14/2014 12:09:53 AM	Gathering XML indexes
4/14/2014 12:09:53 AM	Gathering encrypted triggers
4/14/2014 12:09:53 AM	Gathering triggers
4/14/2014 12:09:53 AM	Gathering encrypted and clr ddl triggers
4/14/2014 12:09:53 AM	Gathering ddl triggers
4/14/2014 12:09:53 AM	Gathering synonyms
4/14/2014 12:09:53 AM	Gathering defaults
4/14/2014 12:09:53 AM	Gathering data constraint uddt bindings
4/14/2014 12:09:53 AM	Gathering rules
4/14/2014 12:09:53 AM	Gathering data constraint uddt bindings
4/14/2014 12:09:53 AM	Gathering message types
4/14/2014 12:09:53 AM	Gathering queues
4/14/2014 12:09:53 AM	Gathering contracts
4/14/2014 12:09:53 AM	Gathering services
4/14/2014 12:09:53 AM	Gathering event notifications
4/14/2014 12:09:53 AM	Gathering remote service bindings
4/14/2014 12:09:53 AM	Gathering broker priorities
4/14/2014 12:09:53 AM	Gathering signatures
4/14/2014 12:09:53 AM	Gathering data compression options
4/14/2014 12:09:53 AM	Gathering database permissions
4/14/2014 12:09:53 AM	Gathering extended properties
4/14/2014 12:09:53 AM	Scanning project for duplicate elements
4/14/2014 12:09:53 AM	Finished duplicate element processing
4/14/2014 12:09:54 AM	Finished importing database.
4/14/2014 12:09:54 AM	A summary of the import was saved to the following location: D:\PROJECTS\PROJECTS_2014\Alex\Repos_DBProj\DB_RPOWine\DB_RPOSearch\Import Schema Logs\DB_RPOSearch_20140414040945.log
4/14/2014 12:09:54 AM	Click Finish to continue...
